<?xml version="1.0" encoding="UTF-8"?>
<!-- Generated by org.testng.reporters.JUnitReportReporter -->
<testsuite skipped="0" hostname="DESKTOP-4QKS2NB" name="task1.ArrayCheckerTest" tests="6" failures="0" timestamp="2020-08-29T22:29:05 MSK" time="0.003" errors="0">
  <testcase name="shouldShowPersonCopies" time="0.000" classname="task1.ArrayCheckerTest"/>
  <system-out/>
  <testcase name="shouldShowCopies" time="0.001" classname="task1.ArrayCheckerTest"/>
  <system-out/>
  <testcase name="shouldShowAllStringsDifferent" time="0.000" classname="task1.ArrayCheckerTest"/>
  <system-out/>
  <testcase name="shouldShowAllPersonDifferent" time="0.001" classname="task1.ArrayCheckerTest"/>
  <system-out/>
  <testcase name="shouldShowIntegerCopies" time="0.000" classname="task1.ArrayCheckerTest"/>
  <system-out/>
  <testcase name="shouldShowAllIntegersDifferent" time="0.001" classname="task1.ArrayCheckerTest"/>
  <system-out/>
</testsuite> <!-- task1.ArrayCheckerTest -->
