<?xml version="1.0" encoding="UTF-8"?>
<!-- Generated by org.testng.reporters.JUnitReportReporter -->
<testsuite skipped="0" hostname="DESKTOP-4QKS2NB" name="task2.ProductionReadyTaskTest" tests="7" failures="0" timestamp="2020-08-29T22:29:05 MSK" time="0.004" errors="0">
  <testcase name="shouldAddTwoToFour" time="0.001" classname="task2.ProductionReadyTaskTest"/>
  <system-out/>
  <testcase name="shouldAddTwoToFour" time="0.002" classname="task2.ProductionReadyTaskTest"/>
  <system-out/>
  <testcase name="shouldAddTwoToFour" time="0.000" classname="task2.ProductionReadyTaskTest"/>
  <system-out/>
  <testcase name="shouldAddTwoToFour" time="0.000" classname="task2.ProductionReadyTaskTest"/>
  <system-out/>
  <testcase name="shouldAddTwoToFour" time="0.000" classname="task2.ProductionReadyTaskTest"/>
  <system-out/>
  <testcase name="shouldAddTwoToFour" time="0.000" classname="task2.ProductionReadyTaskTest"/>
  <system-out/>
  <testcase name="shouldAddTwoToFour" time="0.001" classname="task2.ProductionReadyTaskTest"/>
  <system-out/>
</testsuite> <!-- task2.ProductionReadyTaskTest -->
